<?xml version="1.0" encoding="UTF-8"?>
<coverage generated="1547103191478" clover="3.2.0">
  <project timestamp="1547103191478" name="All files">
    <metrics statements="21" coveredstatements="18" conditionals="19" coveredconditionals="16" methods="1" coveredmethods="1" elements="41" coveredelements="35" complexity="0" loc="21" ncloc="21" packages="1" files="1" classes="1">
      <file name="multi-bracket-validation.js" path="/Users/TannerSeramur/CodeFellows/data-structures-and-algorithms/code-challenges/401/multiBracketValidation/multi-bracket-validation.js">
        <metrics statements="21" coveredstatements="18" conditionals="19" coveredconditionals="16" methods="1" coveredmethods="1"/>
        <line num="4" count="1" type="stmt"/>
        <line num="5" count="3" type="stmt"/>
        <line num="6" count="3" type="stmt"/>
        <line num="7" count="27" type="cond" truecount="2" falsecount="0"/>
        <line num="8" count="1" type="stmt"/>
        <line num="10" count="26" type="cond" truecount="5" falsecount="0"/>
        <line num="11" count="9" type="stmt"/>
        <line num="13" count="26" type="cond" truecount="2" falsecount="0"/>
        <line num="14" count="2" type="cond" truecount="1" falsecount="1"/>
        <line num="15" count="0" type="stmt"/>
        <line num="17" count="2" type="stmt"/>
        <line num="19" count="26" type="cond" truecount="2" falsecount="0"/>
        <line num="20" count="2" type="cond" truecount="1" falsecount="1"/>
        <line num="21" count="0" type="stmt"/>
        <line num="23" count="2" type="stmt"/>
        <line num="25" count="26" type="cond" truecount="2" falsecount="0"/>
        <line num="26" count="5" type="cond" truecount="1" falsecount="1"/>
        <line num="27" count="0" type="stmt"/>
        <line num="29" count="5" type="stmt"/>
        <line num="32" count="2" type="stmt"/>
        <line num="35" count="1" type="stmt"/>
      </file>
    </metrics>
  </project>
</coverage>
