TN:
SF:/Users/TannerSeramur/CodeFellows/data-structures-and-algorithms/code-challenges/401/multiBracketValidation/multi-bracket-validation.js
FN:4,(anonymous_0)
FNF:1
FNH:1
FNDA:3,(anonymous_0)
DA:4,1
DA:5,3
DA:6,3
DA:7,27
DA:8,1
DA:10,26
DA:11,9
DA:13,26
DA:14,2
DA:15,0
DA:17,2
DA:19,26
DA:20,2
DA:21,0
DA:23,2
DA:25,26
DA:26,5
DA:27,0
DA:29,5
DA:32,2
DA:35,1
LF:21
LH:18
BRDA:7,0,0,1
BRDA:7,0,1,26
BRDA:10,1,0,9
BRDA:10,1,1,17
BRDA:10,2,0,26
BRDA:10,2,1,24
BRDA:10,2,2,22
BRDA:13,3,0,2
BRDA:13,3,1,24
BRDA:14,4,0,0
BRDA:14,4,1,2
BRDA:19,5,0,2
BRDA:19,5,1,24
BRDA:20,6,0,0
BRDA:20,6,1,2
BRDA:25,7,0,5
BRDA:25,7,1,21
BRDA:26,8,0,0
BRDA:26,8,1,5
BRF:19
BRH:16
end_of_record
