{"/Users/TannerSeramur/CodeFellows/data-structures-and-algorithms/code-challenges/401/quickSort/quickSort.js": {"path":"/Users/TannerSeramur/CodeFellows/data-structures-and-algorithms/code-challenges/401/quickSort/quickSort.js","statementMap":{"0":{"start":{"line":2,"column":2},"end":{"line":4,"column":3}},"1":{"start":{"line":3,"column":4},"end":{"line":3,"column":15}},"2":{"start":{"line":6,"column":13},"end":{"line":6,"column":15}},"3":{"start":{"line":7,"column":14},"end":{"line":7,"column":16}},"4":{"start":{"line":8,"column":14},"end":{"line":8,"column":25}},"5":{"start":{"line":10,"column":2},"end":{"line":13,"column":3}},"6":{"start":{"line":10,"column":15},"end":{"line":10,"column":16}},"7":{"start":{"line":11,"column":4},"end":{"line":11,"column":46}},"8":{"start":{"line":11,"column":26},"end":{"line":11,"column":44}},"9":{"start":{"line":12,"column":4},"end":{"line":12,"column":48}},"10":{"start":{"line":12,"column":27},"end":{"line":12,"column":46}},"11":{"start":{"line":14,"column":2},"end":{"line":14,"column":50}},"12":{"start":{"line":17,"column":0},"end":{"line":17,"column":23}}},"fnMap":{"0":{"name":"qSort","decl":{"start":{"line":1,"column":9},"end":{"line":1,"column":14}},"loc":{"start":{"line":1,"column":20},"end":{"line":15,"column":1}},"line":1}},"branchMap":{"0":{"loc":{"start":{"line":2,"column":2},"end":{"line":4,"column":3}},"type":"if","locations":[{"start":{"line":2,"column":2},"end":{"line":4,"column":3}},{"start":{"line":2,"column":2},"end":{"line":4,"column":3}}],"line":2},"1":{"loc":{"start":{"line":11,"column":4},"end":{"line":11,"column":46}},"type":"if","locations":[{"start":{"line":11,"column":4},"end":{"line":11,"column":46}},{"start":{"line":11,"column":4},"end":{"line":11,"column":46}}],"line":11},"2":{"loc":{"start":{"line":12,"column":4},"end":{"line":12,"column":48}},"type":"if","locations":[{"start":{"line":12,"column":4},"end":{"line":12,"column":48}},{"start":{"line":12,"column":4},"end":{"line":12,"column":48}}],"line":12}},"s":{"0":25,"1":14,"2":11,"3":11,"4":11,"5":11,"6":11,"7":36,"8":14,"9":36,"10":22,"11":11,"12":1},"f":{"0":25},"b":{"0":[14,11],"1":[14,22],"2":[22,14]},"_coverageSchema":"43e27e138ebf9cfc5966b082cf9a028302ed4184","hash":"a8c06f80326184eb827dbd6915ed851885a0bcfa"}
}
