<?xml version="1.0" encoding="UTF-8"?>
<coverage generated="1547480974727" clover="3.2.0">
  <project timestamp="1547480974728" name="All files">
    <metrics statements="23" coveredstatements="22" conditionals="6" coveredconditionals="5" methods="7" coveredmethods="7" elements="36" coveredelements="34" complexity="0" loc="23" ncloc="23" packages="1" files="1" classes="1">
      <file name="fifo-animal-shelter.js" path="/Users/TannerSeramur/CodeFellows/data-structures-and-algorithms/code-challenges/401/animal-shelter/fifo-animal-shelter.js">
        <metrics statements="23" coveredstatements="22" conditionals="6" coveredconditionals="5" methods="7" coveredmethods="7"/>
        <line num="7" count="4" type="stmt"/>
        <line num="10" count="11" type="stmt"/>
        <line num="13" count="3" type="cond" truecount="1" falsecount="1"/>
        <line num="14" count="0" type="stmt"/>
        <line num="16" count="3" type="stmt"/>
        <line num="20" count="4" type="cond" truecount="2" falsecount="0"/>
        <line num="21" count="1" type="stmt"/>
        <line num="23" count="3" type="stmt"/>
        <line num="30" count="3" type="stmt"/>
        <line num="31" count="3" type="stmt"/>
        <line num="34" count="9" type="stmt"/>
        <line num="35" count="9" type="stmt"/>
        <line num="38" count="2" type="cond" truecount="2" falsecount="0"/>
        <line num="39" count="1" type="stmt"/>
        <line num="41" count="1" type="stmt"/>
        <line num="42" count="1" type="stmt"/>
        <line num="43" count="1" type="stmt"/>
        <line num="45" count="1" type="stmt"/>
        <line num="46" count="1" type="stmt"/>
        <line num="47" count="1" type="stmt"/>
        <line num="49" count="1" type="stmt"/>
        <line num="50" count="1" type="stmt"/>
        <line num="54" count="1" type="stmt"/>
      </file>
    </metrics>
  </project>
</coverage>
