TN:
SF:/Users/TannerSeramur/CodeFellows/data-structures-and-algorithms/code-challenges/401/animal-shelter/fifo-animal-shelter.js
FN:6,(anonymous_0)
FN:9,(anonymous_1)
FN:12,(anonymous_2)
FN:19,(anonymous_3)
FN:29,(anonymous_4)
FN:33,(anonymous_5)
FN:37,(anonymous_6)
FNF:7
FNH:7
FNDA:4,(anonymous_0)
FNDA:11,(anonymous_1)
FNDA:3,(anonymous_2)
FNDA:4,(anonymous_3)
FNDA:3,(anonymous_4)
FNDA:9,(anonymous_5)
FNDA:2,(anonymous_6)
DA:7,4
DA:10,11
DA:13,3
DA:14,0
DA:16,3
DA:20,4
DA:21,1
DA:23,3
DA:30,3
DA:31,3
DA:34,9
DA:35,9
DA:38,2
DA:39,1
DA:41,1
DA:42,1
DA:43,1
DA:45,1
DA:46,1
DA:47,1
DA:49,1
DA:50,1
DA:54,1
LF:23
LH:22
BRDA:13,0,0,0
BRDA:13,0,1,3
BRDA:20,1,0,1
BRDA:20,1,1,3
BRDA:38,2,0,1
BRDA:38,2,1,1
BRF:6
BRH:5
end_of_record
