{"/Users/TannerSeramur/CodeFellows/data-structures-and-algorithms/code-challenges/401/tree/tree.js": {"path":"/Users/TannerSeramur/CodeFellows/data-structures-and-algorithms/code-challenges/401/tree/tree.js","statementMap":{"0":{"start":{"line":5,"column":8},"end":{"line":5,"column":25}},"1":{"start":{"line":6,"column":8},"end":{"line":6,"column":25}},"2":{"start":{"line":7,"column":8},"end":{"line":7,"column":26}},"3":{"start":{"line":11,"column":8},"end":{"line":23,"column":9}},"4":{"start":{"line":12,"column":12},"end":{"line":16,"column":13}},"5":{"start":{"line":13,"column":16},"end":{"line":13,"column":30}},"6":{"start":{"line":15,"column":16},"end":{"line":15,"column":37}},"7":{"start":{"line":17,"column":14},"end":{"line":23,"column":9}},"8":{"start":{"line":18,"column":12},"end":{"line":22,"column":13}},"9":{"start":{"line":19,"column":16},"end":{"line":19,"column":31}},"10":{"start":{"line":21,"column":16},"end":{"line":21,"column":38}},"11":{"start":{"line":29,"column":8},"end":{"line":29,"column":25}},"12":{"start":{"line":33,"column":16},"end":{"line":33,"column":29}},"13":{"start":{"line":34,"column":8},"end":{"line":38,"column":9}},"14":{"start":{"line":35,"column":12},"end":{"line":35,"column":26}},"15":{"start":{"line":37,"column":12},"end":{"line":37,"column":33}},"16":{"start":{"line":42,"column":20},"end":{"line":42,"column":22}},"17":{"start":{"line":44,"column":20},"end":{"line":52,"column":9}},"18":{"start":{"line":45,"column":12},"end":{"line":45,"column":32}},"19":{"start":{"line":46,"column":12},"end":{"line":48,"column":13}},"20":{"start":{"line":47,"column":16},"end":{"line":47,"column":30}},"21":{"start":{"line":49,"column":12},"end":{"line":51,"column":13}},"22":{"start":{"line":50,"column":16},"end":{"line":50,"column":31}},"23":{"start":{"line":53,"column":12},"end":{"line":53,"column":29}},"24":{"start":{"line":54,"column":12},"end":{"line":54,"column":31}},"25":{"start":{"line":55,"column":12},"end":{"line":55,"column":25}},"26":{"start":{"line":59,"column":20},"end":{"line":59,"column":22}},"27":{"start":{"line":61,"column":20},"end":{"line":69,"column":9}},"28":{"start":{"line":62,"column":10},"end":{"line":64,"column":13}},"29":{"start":{"line":63,"column":15},"end":{"line":63,"column":29}},"30":{"start":{"line":65,"column":12},"end":{"line":65,"column":32}},"31":{"start":{"line":66,"column":12},"end":{"line":68,"column":13}},"32":{"start":{"line":67,"column":15},"end":{"line":67,"column":30}},"33":{"start":{"line":70,"column":8},"end":{"line":70,"column":25}},"34":{"start":{"line":71,"column":8},"end":{"line":71,"column":27}},"35":{"start":{"line":72,"column":8},"end":{"line":72,"column":21}},"36":{"start":{"line":76,"column":20},"end":{"line":76,"column":22}},"37":{"start":{"line":78,"column":20},"end":{"line":86,"column":9}},"38":{"start":{"line":79,"column":12},"end":{"line":81,"column":13}},"39":{"start":{"line":80,"column":16},"end":{"line":80,"column":30}},"40":{"start":{"line":82,"column":12},"end":{"line":84,"column":13}},"41":{"start":{"line":83,"column":16},"end":{"line":83,"column":31}},"42":{"start":{"line":85,"column":12},"end":{"line":85,"column":32}},"43":{"start":{"line":87,"column":12},"end":{"line":87,"column":29}},"44":{"start":{"line":88,"column":12},"end":{"line":88,"column":31}},"45":{"start":{"line":89,"column":12},"end":{"line":89,"column":25}},"46":{"start":{"line":93,"column":0},"end":{"line":93,"column":22}},"47":{"start":{"line":95,"column":11},"end":{"line":95,"column":21}}},"fnMap":{"0":{"name":"(anonymous_0)","decl":{"start":{"line":4,"column":4},"end":{"line":4,"column":5}},"loc":{"start":{"line":4,"column":20},"end":{"line":8,"column":5}},"line":4},"1":{"name":"(anonymous_1)","decl":{"start":{"line":10,"column":4},"end":{"line":10,"column":5}},"loc":{"start":{"line":10,"column":14},"end":{"line":24,"column":5}},"line":10},"2":{"name":"(anonymous_2)","decl":{"start":{"line":28,"column":4},"end":{"line":28,"column":5}},"loc":{"start":{"line":28,"column":17},"end":{"line":30,"column":5}},"line":28},"3":{"name":"(anonymous_3)","decl":{"start":{"line":32,"column":4},"end":{"line":32,"column":5}},"loc":{"start":{"line":32,"column":17},"end":{"line":39,"column":5}},"line":32},"4":{"name":"(anonymous_4)","decl":{"start":{"line":41,"column":4},"end":{"line":41,"column":5}},"loc":{"start":{"line":41,"column":14},"end":{"line":56,"column":5}},"line":41},"5":{"name":"(anonymous_5)","decl":{"start":{"line":44,"column":20},"end":{"line":44,"column":21}},"loc":{"start":{"line":44,"column":27},"end":{"line":52,"column":9}},"line":44},"6":{"name":"(anonymous_6)","decl":{"start":{"line":58,"column":4},"end":{"line":58,"column":5}},"loc":{"start":{"line":58,"column":13},"end":{"line":73,"column":5}},"line":58},"7":{"name":"(anonymous_7)","decl":{"start":{"line":61,"column":20},"end":{"line":61,"column":21}},"loc":{"start":{"line":61,"column":27},"end":{"line":69,"column":9}},"line":61},"8":{"name":"(anonymous_8)","decl":{"start":{"line":75,"column":4},"end":{"line":75,"column":5}},"loc":{"start":{"line":75,"column":15},"end":{"line":90,"column":5}},"line":75},"9":{"name":"(anonymous_9)","decl":{"start":{"line":78,"column":20},"end":{"line":78,"column":21}},"loc":{"start":{"line":78,"column":27},"end":{"line":86,"column":9}},"line":78}},"branchMap":{"0":{"loc":{"start":{"line":11,"column":8},"end":{"line":23,"column":9}},"type":"if","locations":[{"start":{"line":11,"column":8},"end":{"line":23,"column":9}},{"start":{"line":11,"column":8},"end":{"line":23,"column":9}}],"line":11},"1":{"loc":{"start":{"line":12,"column":12},"end":{"line":16,"column":13}},"type":"if","locations":[{"start":{"line":12,"column":12},"end":{"line":16,"column":13}},{"start":{"line":12,"column":12},"end":{"line":16,"column":13}}],"line":12},"2":{"loc":{"start":{"line":17,"column":14},"end":{"line":23,"column":9}},"type":"if","locations":[{"start":{"line":17,"column":14},"end":{"line":23,"column":9}},{"start":{"line":17,"column":14},"end":{"line":23,"column":9}}],"line":17},"3":{"loc":{"start":{"line":18,"column":12},"end":{"line":22,"column":13}},"type":"if","locations":[{"start":{"line":18,"column":12},"end":{"line":22,"column":13}},{"start":{"line":18,"column":12},"end":{"line":22,"column":13}}],"line":18},"4":{"loc":{"start":{"line":34,"column":8},"end":{"line":38,"column":9}},"type":"if","locations":[{"start":{"line":34,"column":8},"end":{"line":38,"column":9}},{"start":{"line":34,"column":8},"end":{"line":38,"column":9}}],"line":34},"5":{"loc":{"start":{"line":46,"column":12},"end":{"line":48,"column":13}},"type":"if","locations":[{"start":{"line":46,"column":12},"end":{"line":48,"column":13}},{"start":{"line":46,"column":12},"end":{"line":48,"column":13}}],"line":46},"6":{"loc":{"start":{"line":49,"column":12},"end":{"line":51,"column":13}},"type":"if","locations":[{"start":{"line":49,"column":12},"end":{"line":51,"column":13}},{"start":{"line":49,"column":12},"end":{"line":51,"column":13}}],"line":49},"7":{"loc":{"start":{"line":62,"column":10},"end":{"line":64,"column":13}},"type":"if","locations":[{"start":{"line":62,"column":10},"end":{"line":64,"column":13}},{"start":{"line":62,"column":10},"end":{"line":64,"column":13}}],"line":62},"8":{"loc":{"start":{"line":66,"column":12},"end":{"line":68,"column":13}},"type":"if","locations":[{"start":{"line":66,"column":12},"end":{"line":68,"column":13}},{"start":{"line":66,"column":12},"end":{"line":68,"column":13}}],"line":66},"9":{"loc":{"start":{"line":79,"column":12},"end":{"line":81,"column":13}},"type":"if","locations":[{"start":{"line":79,"column":12},"end":{"line":81,"column":13}},{"start":{"line":79,"column":12},"end":{"line":81,"column":13}}],"line":79},"10":{"loc":{"start":{"line":82,"column":12},"end":{"line":84,"column":13}},"type":"if","locations":[{"start":{"line":82,"column":12},"end":{"line":84,"column":13}},{"start":{"line":82,"column":12},"end":{"line":84,"column":13}}],"line":82}},"s":{"0":13,"1":13,"2":13,"3":12,"4":9,"5":6,"6":3,"7":3,"8":3,"9":3,"10":0,"11":5,"12":13,"13":13,"14":4,"15":9,"16":1,"17":1,"18":4,"19":4,"20":2,"21":4,"22":1,"23":1,"24":1,"25":1,"26":1,"27":1,"28":4,"29":2,"30":4,"31":4,"32":1,"33":1,"34":1,"35":1,"36":1,"37":1,"38":4,"39":2,"40":4,"41":1,"42":4,"43":1,"44":1,"45":1,"46":1,"47":1},"f":{"0":13,"1":12,"2":5,"3":13,"4":1,"5":4,"6":1,"7":4,"8":1,"9":4},"b":{"0":[9,3],"1":[6,3],"2":[3,0],"3":[3,0],"4":[4,9],"5":[2,2],"6":[1,3],"7":[2,2],"8":[1,3],"9":[2,2],"10":[1,3]},"_coverageSchema":"332fd63041d2c1bcb487cc26dd0d5f7d97098a6c","hash":"eb986a2acc9552fc7af3d8afa68ac07428ffadac"}
}
