{"/Users/TannerSeramur/CodeFellows/data-structures-and-algorithms/code-challenges/401/tree/tree.js": {"path":"/Users/TannerSeramur/CodeFellows/data-structures-and-algorithms/code-challenges/401/tree/tree.js","statementMap":{"0":{"start":{"line":5,"column":8},"end":{"line":5,"column":25}},"1":{"start":{"line":6,"column":8},"end":{"line":6,"column":25}},"2":{"start":{"line":7,"column":8},"end":{"line":7,"column":26}},"3":{"start":{"line":11,"column":8},"end":{"line":23,"column":9}},"4":{"start":{"line":12,"column":12},"end":{"line":16,"column":13}},"5":{"start":{"line":13,"column":16},"end":{"line":13,"column":30}},"6":{"start":{"line":15,"column":16},"end":{"line":15,"column":37}},"7":{"start":{"line":17,"column":14},"end":{"line":23,"column":9}},"8":{"start":{"line":18,"column":12},"end":{"line":22,"column":13}},"9":{"start":{"line":19,"column":16},"end":{"line":19,"column":31}},"10":{"start":{"line":21,"column":16},"end":{"line":21,"column":38}},"11":{"start":{"line":29,"column":8},"end":{"line":29,"column":25}},"12":{"start":{"line":33,"column":16},"end":{"line":33,"column":29}},"13":{"start":{"line":34,"column":8},"end":{"line":38,"column":9}},"14":{"start":{"line":35,"column":12},"end":{"line":35,"column":26}},"15":{"start":{"line":37,"column":12},"end":{"line":37,"column":33}},"16":{"start":{"line":42,"column":20},"end":{"line":42,"column":22}},"17":{"start":{"line":44,"column":20},"end":{"line":52,"column":9}},"18":{"start":{"line":45,"column":12},"end":{"line":45,"column":32}},"19":{"start":{"line":46,"column":12},"end":{"line":48,"column":13}},"20":{"start":{"line":47,"column":16},"end":{"line":47,"column":30}},"21":{"start":{"line":49,"column":12},"end":{"line":51,"column":13}},"22":{"start":{"line":50,"column":16},"end":{"line":50,"column":31}},"23":{"start":{"line":53,"column":12},"end":{"line":53,"column":29}},"24":{"start":{"line":54,"column":12},"end":{"line":54,"column":31}},"25":{"start":{"line":55,"column":12},"end":{"line":55,"column":25}},"26":{"start":{"line":59,"column":20},"end":{"line":59,"column":22}},"27":{"start":{"line":61,"column":20},"end":{"line":69,"column":9}},"28":{"start":{"line":62,"column":10},"end":{"line":64,"column":13}},"29":{"start":{"line":63,"column":15},"end":{"line":63,"column":29}},"30":{"start":{"line":65,"column":12},"end":{"line":65,"column":32}},"31":{"start":{"line":66,"column":12},"end":{"line":68,"column":13}},"32":{"start":{"line":67,"column":15},"end":{"line":67,"column":30}},"33":{"start":{"line":70,"column":8},"end":{"line":70,"column":25}},"34":{"start":{"line":71,"column":8},"end":{"line":71,"column":27}},"35":{"start":{"line":72,"column":8},"end":{"line":72,"column":21}},"36":{"start":{"line":76,"column":20},"end":{"line":76,"column":22}},"37":{"start":{"line":78,"column":20},"end":{"line":86,"column":9}},"38":{"start":{"line":79,"column":12},"end":{"line":81,"column":13}},"39":{"start":{"line":80,"column":16},"end":{"line":80,"column":30}},"40":{"start":{"line":82,"column":12},"end":{"line":84,"column":13}},"41":{"start":{"line":83,"column":16},"end":{"line":83,"column":31}},"42":{"start":{"line":85,"column":12},"end":{"line":85,"column":32}},"43":{"start":{"line":87,"column":12},"end":{"line":87,"column":29}},"44":{"start":{"line":88,"column":12},"end":{"line":88,"column":31}},"45":{"start":{"line":89,"column":12},"end":{"line":89,"column":25}},"46":{"start":{"line":92,"column":21},"end":{"line":92,"column":26}},"47":{"start":{"line":94,"column":20},"end":{"line":104,"column":9}},"48":{"start":{"line":95,"column":10},"end":{"line":98,"column":11}},"49":{"start":{"line":96,"column":12},"end":{"line":96,"column":26}},"50":{"start":{"line":97,"column":12},"end":{"line":97,"column":19}},"51":{"start":{"line":98,"column":11},"end":{"line":100,"column":11}},"52":{"start":{"line":99,"column":12},"end":{"line":99,"column":29}},"53":{"start":{"line":100,"column":11},"end":{"line":102,"column":11}},"54":{"start":{"line":101,"column":12},"end":{"line":101,"column":30}},"55":{"start":{"line":106,"column":8},"end":{"line":106,"column":25}},"56":{"start":{"line":107,"column":8},"end":{"line":107,"column":22}},"57":{"start":{"line":111,"column":8},"end":{"line":113,"column":9}},"58":{"start":{"line":112,"column":10},"end":{"line":112,"column":36}},"59":{"start":{"line":114,"column":20},"end":{"line":114,"column":22}},"60":{"start":{"line":115,"column":8},"end":{"line":115,"column":30}},"61":{"start":{"line":116,"column":23},"end":{"line":116,"column":25}},"62":{"start":{"line":119,"column":8},"end":{"line":131,"column":9}},"63":{"start":{"line":120,"column":24},"end":{"line":120,"column":32}},"64":{"start":{"line":121,"column":10},"end":{"line":121,"column":37}},"65":{"start":{"line":122,"column":10},"end":{"line":122,"column":39}},"66":{"start":{"line":124,"column":10},"end":{"line":126,"column":11}},"67":{"start":{"line":125,"column":12},"end":{"line":125,"column":36}},"68":{"start":{"line":127,"column":10},"end":{"line":129,"column":11}},"69":{"start":{"line":128,"column":12},"end":{"line":128,"column":37}},"70":{"start":{"line":130,"column":10},"end":{"line":130,"column":23}},"71":{"start":{"line":132,"column":8},"end":{"line":132,"column":24}},"72":{"start":{"line":140,"column":0},"end":{"line":140,"column":22}},"73":{"start":{"line":142,"column":11},"end":{"line":142,"column":21}},"74":{"start":{"line":143,"column":0},"end":{"line":143,"column":17}},"75":{"start":{"line":144,"column":0},"end":{"line":144,"column":17}},"76":{"start":{"line":145,"column":0},"end":{"line":145,"column":17}},"77":{"start":{"line":146,"column":0},"end":{"line":146,"column":17}},"78":{"start":{"line":147,"column":0},"end":{"line":147,"column":17}},"79":{"start":{"line":148,"column":0},"end":{"line":148,"column":17}},"80":{"start":{"line":149,"column":0},"end":{"line":149,"column":20}}},"fnMap":{"0":{"name":"(anonymous_0)","decl":{"start":{"line":4,"column":4},"end":{"line":4,"column":5}},"loc":{"start":{"line":4,"column":20},"end":{"line":8,"column":5}},"line":4},"1":{"name":"(anonymous_1)","decl":{"start":{"line":10,"column":4},"end":{"line":10,"column":5}},"loc":{"start":{"line":10,"column":14},"end":{"line":24,"column":5}},"line":10},"2":{"name":"(anonymous_2)","decl":{"start":{"line":28,"column":4},"end":{"line":28,"column":5}},"loc":{"start":{"line":28,"column":17},"end":{"line":30,"column":5}},"line":28},"3":{"name":"(anonymous_3)","decl":{"start":{"line":32,"column":4},"end":{"line":32,"column":5}},"loc":{"start":{"line":32,"column":17},"end":{"line":39,"column":5}},"line":32},"4":{"name":"(anonymous_4)","decl":{"start":{"line":41,"column":4},"end":{"line":41,"column":5}},"loc":{"start":{"line":41,"column":14},"end":{"line":56,"column":5}},"line":41},"5":{"name":"(anonymous_5)","decl":{"start":{"line":44,"column":20},"end":{"line":44,"column":21}},"loc":{"start":{"line":44,"column":27},"end":{"line":52,"column":9}},"line":44},"6":{"name":"(anonymous_6)","decl":{"start":{"line":58,"column":4},"end":{"line":58,"column":5}},"loc":{"start":{"line":58,"column":13},"end":{"line":73,"column":5}},"line":58},"7":{"name":"(anonymous_7)","decl":{"start":{"line":61,"column":20},"end":{"line":61,"column":21}},"loc":{"start":{"line":61,"column":27},"end":{"line":69,"column":9}},"line":61},"8":{"name":"(anonymous_8)","decl":{"start":{"line":75,"column":4},"end":{"line":75,"column":5}},"loc":{"start":{"line":75,"column":15},"end":{"line":90,"column":5}},"line":75},"9":{"name":"(anonymous_9)","decl":{"start":{"line":78,"column":20},"end":{"line":78,"column":21}},"loc":{"start":{"line":78,"column":27},"end":{"line":86,"column":9}},"line":78},"10":{"name":"(anonymous_10)","decl":{"start":{"line":91,"column":4},"end":{"line":91,"column":5}},"loc":{"start":{"line":91,"column":19},"end":{"line":109,"column":7}},"line":91},"11":{"name":"(anonymous_11)","decl":{"start":{"line":94,"column":20},"end":{"line":94,"column":21}},"loc":{"start":{"line":94,"column":30},"end":{"line":104,"column":9}},"line":94},"12":{"name":"(anonymous_12)","decl":{"start":{"line":110,"column":6},"end":{"line":110,"column":7}},"loc":{"start":{"line":110,"column":21},"end":{"line":133,"column":7}},"line":110}},"branchMap":{"0":{"loc":{"start":{"line":11,"column":8},"end":{"line":23,"column":9}},"type":"if","locations":[{"start":{"line":11,"column":8},"end":{"line":23,"column":9}},{"start":{"line":11,"column":8},"end":{"line":23,"column":9}}],"line":11},"1":{"loc":{"start":{"line":12,"column":12},"end":{"line":16,"column":13}},"type":"if","locations":[{"start":{"line":12,"column":12},"end":{"line":16,"column":13}},{"start":{"line":12,"column":12},"end":{"line":16,"column":13}}],"line":12},"2":{"loc":{"start":{"line":17,"column":14},"end":{"line":23,"column":9}},"type":"if","locations":[{"start":{"line":17,"column":14},"end":{"line":23,"column":9}},{"start":{"line":17,"column":14},"end":{"line":23,"column":9}}],"line":17},"3":{"loc":{"start":{"line":18,"column":12},"end":{"line":22,"column":13}},"type":"if","locations":[{"start":{"line":18,"column":12},"end":{"line":22,"column":13}},{"start":{"line":18,"column":12},"end":{"line":22,"column":13}}],"line":18},"4":{"loc":{"start":{"line":34,"column":8},"end":{"line":38,"column":9}},"type":"if","locations":[{"start":{"line":34,"column":8},"end":{"line":38,"column":9}},{"start":{"line":34,"column":8},"end":{"line":38,"column":9}}],"line":34},"5":{"loc":{"start":{"line":46,"column":12},"end":{"line":48,"column":13}},"type":"if","locations":[{"start":{"line":46,"column":12},"end":{"line":48,"column":13}},{"start":{"line":46,"column":12},"end":{"line":48,"column":13}}],"line":46},"6":{"loc":{"start":{"line":49,"column":12},"end":{"line":51,"column":13}},"type":"if","locations":[{"start":{"line":49,"column":12},"end":{"line":51,"column":13}},{"start":{"line":49,"column":12},"end":{"line":51,"column":13}}],"line":49},"7":{"loc":{"start":{"line":62,"column":10},"end":{"line":64,"column":13}},"type":"if","locations":[{"start":{"line":62,"column":10},"end":{"line":64,"column":13}},{"start":{"line":62,"column":10},"end":{"line":64,"column":13}}],"line":62},"8":{"loc":{"start":{"line":66,"column":12},"end":{"line":68,"column":13}},"type":"if","locations":[{"start":{"line":66,"column":12},"end":{"line":68,"column":13}},{"start":{"line":66,"column":12},"end":{"line":68,"column":13}}],"line":66},"9":{"loc":{"start":{"line":79,"column":12},"end":{"line":81,"column":13}},"type":"if","locations":[{"start":{"line":79,"column":12},"end":{"line":81,"column":13}},{"start":{"line":79,"column":12},"end":{"line":81,"column":13}}],"line":79},"10":{"loc":{"start":{"line":82,"column":12},"end":{"line":84,"column":13}},"type":"if","locations":[{"start":{"line":82,"column":12},"end":{"line":84,"column":13}},{"start":{"line":82,"column":12},"end":{"line":84,"column":13}}],"line":82},"11":{"loc":{"start":{"line":95,"column":10},"end":{"line":98,"column":11}},"type":"if","locations":[{"start":{"line":95,"column":10},"end":{"line":98,"column":11}},{"start":{"line":95,"column":10},"end":{"line":98,"column":11}}],"line":95},"12":{"loc":{"start":{"line":98,"column":11},"end":{"line":100,"column":11}},"type":"if","locations":[{"start":{"line":98,"column":11},"end":{"line":100,"column":11}},{"start":{"line":98,"column":11},"end":{"line":100,"column":11}}],"line":98},"13":{"loc":{"start":{"line":98,"column":14},"end":{"line":98,"column":45}},"type":"binary-expr","locations":[{"start":{"line":98,"column":14},"end":{"line":98,"column":23}},{"start":{"line":98,"column":27},"end":{"line":98,"column":45}}],"line":98},"14":{"loc":{"start":{"line":100,"column":11},"end":{"line":102,"column":11}},"type":"if","locations":[{"start":{"line":100,"column":11},"end":{"line":102,"column":11}},{"start":{"line":100,"column":11},"end":{"line":102,"column":11}}],"line":100},"15":{"loc":{"start":{"line":100,"column":14},"end":{"line":100,"column":46}},"type":"binary-expr","locations":[{"start":{"line":100,"column":14},"end":{"line":100,"column":24}},{"start":{"line":100,"column":28},"end":{"line":100,"column":46}}],"line":100},"16":{"loc":{"start":{"line":111,"column":8},"end":{"line":113,"column":9}},"type":"if","locations":[{"start":{"line":111,"column":8},"end":{"line":113,"column":9}},{"start":{"line":111,"column":8},"end":{"line":113,"column":9}}],"line":111},"17":{"loc":{"start":{"line":124,"column":10},"end":{"line":126,"column":11}},"type":"if","locations":[{"start":{"line":124,"column":10},"end":{"line":126,"column":11}},{"start":{"line":124,"column":10},"end":{"line":126,"column":11}}],"line":124},"18":{"loc":{"start":{"line":127,"column":10},"end":{"line":129,"column":11}},"type":"if","locations":[{"start":{"line":127,"column":10},"end":{"line":129,"column":11}},{"start":{"line":127,"column":10},"end":{"line":129,"column":11}}],"line":127}},"s":{"0":25,"1":25,"2":25,"3":33,"4":9,"5":6,"6":3,"7":24,"8":24,"9":12,"10":12,"11":8,"12":25,"13":25,"14":7,"15":18,"16":1,"17":1,"18":4,"19":4,"20":2,"21":4,"22":1,"23":1,"24":1,"25":1,"26":3,"27":3,"28":10,"29":2,"30":10,"31":10,"32":5,"33":3,"34":3,"35":3,"36":1,"37":1,"38":4,"39":2,"40":4,"41":1,"42":4,"43":1,"44":1,"45":1,"46":0,"47":0,"48":0,"49":0,"50":0,"51":0,"52":0,"53":0,"54":0,"55":0,"56":0,"57":2,"58":1,"59":1,"60":1,"61":1,"62":1,"63":6,"64":6,"65":6,"66":6,"67":0,"68":6,"69":5,"70":6,"71":1,"72":1,"73":1,"74":1,"75":1,"76":1,"77":1,"78":1,"79":1,"80":1},"f":{"0":25,"1":33,"2":8,"3":25,"4":1,"5":4,"6":3,"7":10,"8":1,"9":4,"10":0,"11":0,"12":2},"b":{"0":[9,24],"1":[6,3],"2":[24,0],"3":[12,12],"4":[7,18],"5":[2,2],"6":[1,3],"7":[2,8],"8":[5,5],"9":[2,2],"10":[1,3],"11":[0,0],"12":[0,0],"13":[0,0],"14":[0,0],"15":[0,0],"16":[1,1],"17":[0,6],"18":[5,1]},"_coverageSchema":"332fd63041d2c1bcb487cc26dd0d5f7d97098a6c","hash":"855848f2c0142a1cb0b498992678d280d644fdae"}
}
