TN:
SF:/Users/TannerSeramur/CodeFellows/data-structures-and-algorithms/code-challenges/401/tree/binaryTree.js
FN:2,(anonymous_0)
FN:10,(anonymous_1)
FN:13,(anonymous_2)
FN:16,(anonymous_3)
FN:30,(anonymous_4)
FN:33,(anonymous_5)
FN:47,(anonymous_6)
FN:50,(anonymous_7)
FN:63,(anonymous_8)
FNF:9
FNH:3
FNDA:18,(anonymous_0)
FNDA:4,(anonymous_1)
FNDA:0,(anonymous_2)
FNDA:0,(anonymous_3)
FNDA:0,(anonymous_4)
FNDA:0,(anonymous_5)
FNDA:0,(anonymous_6)
FNDA:0,(anonymous_7)
FNDA:4,(anonymous_8)
DA:3,18
DA:4,18
DA:5,18
DA:11,4
DA:14,0
DA:16,0
DA:17,0
DA:18,0
DA:19,0
DA:21,0
DA:22,0
DA:25,0
DA:26,0
DA:27,0
DA:31,0
DA:33,0
DA:34,0
DA:35,0
DA:37,0
DA:38,0
DA:39,0
DA:42,0
DA:43,0
DA:44,0
DA:48,0
DA:50,0
DA:51,0
DA:52,0
DA:54,0
DA:55,0
DA:57,0
DA:59,0
DA:60,0
DA:61,0
DA:64,4
DA:65,1
DA:67,3
DA:68,3
DA:69,3
DA:70,3
DA:71,0
DA:73,3
DA:74,18
DA:75,18
DA:76,5
DA:78,18
DA:79,6
DA:81,18
DA:82,9
DA:84,18
DA:87,3
DA:93,1
DA:94,1
DA:95,1
DA:96,1
DA:97,1
DA:98,1
DA:99,1
DA:100,1
DA:101,1
DA:102,1
DA:103,1
DA:104,1
DA:105,1
DA:106,1
DA:108,1
LF:66
LH:35
BRDA:18,0,0,0
BRDA:18,0,1,0
BRDA:21,1,0,0
BRDA:21,1,1,0
BRDA:34,2,0,0
BRDA:34,2,1,0
BRDA:38,3,0,0
BRDA:38,3,1,0
BRDA:51,4,0,0
BRDA:51,4,1,0
BRDA:54,5,0,0
BRDA:54,5,1,0
BRDA:64,6,0,1
BRDA:64,6,1,3
BRDA:70,7,0,0
BRDA:70,7,1,3
BRDA:75,8,0,5
BRDA:75,8,1,13
BRDA:78,9,0,6
BRDA:78,9,1,12
BRDA:81,10,0,9
BRDA:81,10,1,9
BRF:22
BRH:9
end_of_record
TN:
SF:/Users/TannerSeramur/CodeFellows/data-structures-and-algorithms/code-challenges/401/tree/tree.js
FN:4,(anonymous_0)
FN:10,(anonymous_1)
FN:28,(anonymous_2)
FN:32,(anonymous_3)
FN:41,(anonymous_4)
FN:44,(anonymous_5)
FN:58,(anonymous_6)
FN:61,(anonymous_7)
FN:75,(anonymous_8)
FN:78,(anonymous_9)
FN:91,(anonymous_10)
FN:94,(anonymous_11)
FN:110,(anonymous_12)
FNF:13
FNH:11
FNDA:23,(anonymous_0)
FNDA:24,(anonymous_1)
FNDA:8,(anonymous_2)
FNDA:23,(anonymous_3)
FNDA:1,(anonymous_4)
FNDA:4,(anonymous_5)
FNDA:3,(anonymous_6)
FNDA:10,(anonymous_7)
FNDA:1,(anonymous_8)
FNDA:4,(anonymous_9)
FNDA:0,(anonymous_10)
FNDA:0,(anonymous_11)
FNDA:2,(anonymous_12)
DA:5,23
DA:6,23
DA:7,23
DA:11,24
DA:12,9
DA:13,6
DA:15,3
DA:17,15
DA:18,15
DA:19,10
DA:21,5
DA:29,8
DA:33,23
DA:34,23
DA:35,7
DA:37,16
DA:42,1
DA:44,1
DA:45,4
DA:46,4
DA:47,2
DA:49,4
DA:50,1
DA:53,1
DA:54,1
DA:55,1
DA:59,3
DA:61,3
DA:62,10
DA:63,2
DA:65,10
DA:66,10
DA:67,5
DA:70,3
DA:71,3
DA:72,3
DA:76,1
DA:78,1
DA:79,4
DA:80,2
DA:82,4
DA:83,1
DA:85,4
DA:87,1
DA:88,1
DA:89,1
DA:92,0
DA:94,0
DA:95,0
DA:96,0
DA:97,0
DA:98,0
DA:99,0
DA:100,0
DA:101,0
DA:106,0
DA:107,0
DA:111,2
DA:112,1
DA:114,1
DA:115,1
DA:116,1
DA:119,1
DA:120,4
DA:121,4
DA:122,4
DA:124,4
DA:125,0
DA:127,4
DA:128,3
DA:130,4
DA:132,1
DA:138,1
DA:140,1
DA:141,1
DA:142,1
DA:143,1
DA:144,1
DA:145,1
LF:79
LH:67
BRDA:11,0,0,9
BRDA:11,0,1,15
BRDA:12,1,0,6
BRDA:12,1,1,3
BRDA:17,2,0,15
BRDA:17,2,1,0
BRDA:18,3,0,10
BRDA:18,3,1,5
BRDA:34,4,0,7
BRDA:34,4,1,16
BRDA:46,5,0,2
BRDA:46,5,1,2
BRDA:49,6,0,1
BRDA:49,6,1,3
BRDA:62,7,0,2
BRDA:62,7,1,8
BRDA:66,8,0,5
BRDA:66,8,1,5
BRDA:79,9,0,2
BRDA:79,9,1,2
BRDA:82,10,0,1
BRDA:82,10,1,3
BRDA:95,11,0,0
BRDA:95,11,1,0
BRDA:98,12,0,0
BRDA:98,12,1,0
BRDA:98,13,0,0
BRDA:98,13,1,0
BRDA:100,14,0,0
BRDA:100,14,1,0
BRDA:100,15,0,0
BRDA:100,15,1,0
BRDA:111,16,0,1
BRDA:111,16,1,1
BRDA:124,17,0,0
BRDA:124,17,1,4
BRDA:127,18,0,3
BRDA:127,18,1,1
BRF:38
BRH:26
end_of_record
