TN:
SF:/Users/TannerSeramur/CodeFellows/data-structures-and-algorithms/code-challenges/401/tree/tree.js
FN:4,(anonymous_0)
FN:10,(anonymous_1)
FN:28,(anonymous_2)
FN:32,(anonymous_3)
FN:41,(anonymous_4)
FN:44,(anonymous_5)
FN:58,(anonymous_6)
FN:61,(anonymous_7)
FN:75,(anonymous_8)
FN:78,(anonymous_9)
FNF:10
FNH:10
FNDA:13,(anonymous_0)
FNDA:12,(anonymous_1)
FNDA:5,(anonymous_2)
FNDA:13,(anonymous_3)
FNDA:1,(anonymous_4)
FNDA:4,(anonymous_5)
FNDA:1,(anonymous_6)
FNDA:4,(anonymous_7)
FNDA:1,(anonymous_8)
FNDA:4,(anonymous_9)
DA:5,13
DA:6,13
DA:7,13
DA:11,12
DA:12,9
DA:13,6
DA:15,3
DA:17,3
DA:18,3
DA:19,3
DA:21,0
DA:29,5
DA:33,13
DA:34,13
DA:35,4
DA:37,9
DA:42,1
DA:44,1
DA:45,4
DA:46,4
DA:47,2
DA:49,4
DA:50,1
DA:53,1
DA:54,1
DA:55,1
DA:59,1
DA:61,1
DA:62,4
DA:63,2
DA:65,4
DA:66,4
DA:67,1
DA:70,1
DA:71,1
DA:72,1
DA:76,1
DA:78,1
DA:79,4
DA:80,2
DA:82,4
DA:83,1
DA:85,4
DA:87,1
DA:88,1
DA:89,1
DA:93,1
DA:95,1
LF:48
LH:47
BRDA:11,0,0,9
BRDA:11,0,1,3
BRDA:12,1,0,6
BRDA:12,1,1,3
BRDA:17,2,0,3
BRDA:17,2,1,0
BRDA:18,3,0,3
BRDA:18,3,1,0
BRDA:34,4,0,4
BRDA:34,4,1,9
BRDA:46,5,0,2
BRDA:46,5,1,2
BRDA:49,6,0,1
BRDA:49,6,1,3
BRDA:62,7,0,2
BRDA:62,7,1,2
BRDA:66,8,0,1
BRDA:66,8,1,3
BRDA:79,9,0,2
BRDA:79,9,1,2
BRDA:82,10,0,1
BRDA:82,10,1,3
BRF:22
BRH:20
end_of_record
